-------------------------------------------------------------------------------
Test set: app.CalculatorTest
-------------------------------------------------------------------------------
Tests run: 2, Failures: 1, Errors: 0, Skipped: 0, Time elapsed: 1.136 s <<< FAILURE! - in app.CalculatorTest
app.CalculatorTest.CalculatorTest for Sum: #a + #b = #expectedResult(Object,Object,Object)  Time elapsed: 0.691 s  <<< FAILURE!
org.spockframework.runtime.SpockComparisonFailure: 
Condition not satisfied:

result == expectedResult
|      |  |
-3     |  -2
       false

	at app.CalculatorTest.CalculatorTest for Sum: #a + #b = #expectedResult(CalculatorTest.groovy:21)

